<?xml version="1.0" encoding="UTF-8"?>
<!-- Generated by org.testng.reporters.JUnitReportReporter -->
<testsuite hostname="sairam-PC" name="com.http.test.PostAPITest" tests="3" failures="0" timestamp="6 May 2018 18:36:00 GMT" time="58.966" errors="0">
  <testcase name="commentsAPITest" time="19.265" classname="com.http.test.PostAPITest"/>
  <testcase name="postsAPITest" time="0.521" classname="com.http.test.PostAPITest"/>
  <testcase name="usersAPITest" time="39.180" classname="com.http.test.PostAPITest"/>
</testsuite> <!-- com.http.test.PostAPITest -->
