<?xml version="1.0" encoding="UTF-8"?>
<!-- Generated by org.testng.reporters.JUnitReportReporter -->
<testsuite hostname="sairam-PC" name="com.http.test.GetAPITest" tests="3" failures="0" timestamp="6 May 2018 18:33:51 GMT" time="1.785" errors="0">
  <testcase name="commentsAPITest" time="0.501" classname="com.http.test.GetAPITest"/>
  <testcase name="UsersAPITest" time="0.794" classname="com.http.test.GetAPITest"/>
  <testcase name="postsAPITest" time="0.490" classname="com.http.test.GetAPITest"/>
</testsuite> <!-- com.http.test.GetAPITest -->
